# JRE version: Java(TM) SE Runtime Environment 18.9 (11.0.8+10) (build 11.0.8+10-LTS)
# Java VM: Java HotSpot(TM) 64-Bit Server VM 18.9 (11.0.8+10-LTS, mixed mode, tiered, compressed oops, g1 gc, windows-amd64)
Heap:
 garbage-first heap   total 227328K, used 30950K [0x0000000081400000, 0x0000000100000000)
  region size 1024K, 6 young (6144K), 6 survivors (6144K)
 Metaspace       used 66373K, capacity 68265K, committed 68384K, reserved 1107968K
  class space    used 8564K, capacity 9289K, committed 9332K, reserved 1048576K
GC Heap History (10 events):
Event: 5.345 GC heap after
{Heap after GC invocations=14 (full 0):
 garbage-first heap   total 157696K, used 19318K [0x0000000081400000, 0x0000000100000000)
  region size 1024K, 7 young (7168K), 7 survivors (7168K)
 Metaspace       used 40729K, capacity 42091K, committed 42412K, reserved 1085440K
  class space    used 5003K, capacity 5516K, committed 5632K, reserved 1048576K
}
Event: 6.021 GC heap before
{Heap before GC invocations=14 (full 0):
 garbage-first heap   total 157696K, used 105334K [0x0000000081400000, 0x0000000100000000)
  region size 1024K, 92 young (94208K), 7 survivors (7168K)
 Metaspace       used 46714K, capacity 48099K, committed 48428K, reserved 1091584K
  class space    used 5862K, capacity 6424K, committed 6528K, reserved 1048576K
}
Event: 6.031 GC heap after
{Heap after GC invocations=15 (full 0):
 garbage-first heap   total 189440K, used 21426K [0x0000000081400000, 0x0000000100000000)
  region size 1024K, 9 young (9216K), 9 survivors (9216K)
 Metaspace       used 46714K, capacity 48099K, committed 48428K, reserved 1091584K
  class space    used 5862K, capacity 6424K, committed 6528K, reserved 1048576K
}
Event: 6.857 GC heap before
{Heap before GC invocations=15 (full 0):
 garbage-first heap   total 189440K, used 125874K [0x0000000081400000, 0x0000000100000000)
  region size 1024K, 111 young (113664K), 9 survivors (9216K)
 Metaspace       used 53338K, capacity 54926K, committed 55212K, reserved 1097728K
  class space    used 6738K, capacity 7344K, committed 7424K, reserved 1048576K
}
Event: 6.875 GC heap after
{Heap after GC invocations=16 (full 0):
 garbage-first heap   total 189440K, used 25275K [0x0000000081400000, 0x0000000100000000)
  region size 1024K, 11 young (11264K), 11 survivors (11264K)
 Metaspace       used 53338K, capacity 54926K, committed 55212K, reserved 1097728K
  class space    used 6738K, capacity 7344K, committed 7424K, reserved 1048576K
}
Event: 7.434 GC heap before
{Heap before GC invocations=16 (full 0):
 garbage-first heap   total 189440K, used 91835K [0x0000000081400000, 0x0000000100000000)
  region size 1024K, 77 young (78848K), 11 survivors (11264K)
 Metaspace       used 58142K, capacity 59732K, committed 59808K, reserved 1101824K
  class space    used 7496K, capacity 8123K, committed 8180K, reserved 1048576K
}
Event: 7.448 GC heap after
{Heap after GC invocations=17 (full 0):
 garbage-first heap   total 189440K, used 26769K [0x0000000081400000, 0x0000000100000000)
  region size 1024K, 8 young (8192K), 8 survivors (8192K)
 Metaspace       used 58142K, capacity 59732K, committed 59808K, reserved 1101824K
  class space    used 7496K, capacity 8123K, committed 8180K, reserved 1048576K
}
Event: 8.613 GC heap before
{Heap before GC invocations=18 (full 0):
 garbage-first heap   total 189440K, used 132241K [0x0000000081400000, 0x0000000100000000)
  region size 1024K, 111 young (113664K), 8 survivors (8192K)
 Metaspace       used 62509K, capacity 64341K, committed 64672K, reserved 1105920K
  class space    used 8119K, capacity 8824K, committed 8948K, reserved 1048576K
}
Event: 8.627 GC heap after
{Heap after GC invocations=19 (full 0):
 garbage-first heap   total 189440K, used 30176K [0x0000000081400000, 0x0000000100000000)
  region size 1024K, 9 young (9216K), 9 survivors (9216K)
 Metaspace       used 62509K, capacity 64341K, committed 64672K, reserved 1105920K
  class space    used 8119K, capacity 8824K, committed 8948K, reserved 1048576K
}
Event: 415.862 GC heap before
{Heap before GC invocations=19 (full 0):
 garbage-first heap   total 189440K, used 134624K [0x0000000081400000, 0x0000000100000000)
  region size 1024K, 111 young (113664K), 9 survivors (9216K)
 Metaspace       used 66373K, capacity 68265K, committed 68384K, reserved 1107968K
  class space    used 8564K, capacity 9289K, committed 9332K, reserved 1048576K
}

